<?xml version="1.0" encoding="UTF-8"?>
<!-- Generated by org.testng.reporters.JUnitXMLReporter -->
<testsuite ignored="0" hostname="DV-100871" failures="0" tests="4" name="Login page Test_chrome_90" time="9.429" errors="0" timestamp="03 Dec 2021 12:08:44 GMT">
  <testcase classname="com.qa.OpenCart.Tests.LoginPageTest" name="loginPageTitleTest" time="5.044"/>
  <testcase classname="com.qa.OpenCart.Tests.LoginPageTest" name="loginPageUrlTest" time="0.004"/>
  <testcase classname="com.qa.OpenCart.Tests.LoginPageTest" name="forgotPwdLinkTest" time="0.033"/>
  <testcase classname="com.qa.OpenCart.Tests.LoginPageTest" name="loginTest" time="0.263"/>
</testsuite> <!-- Login page Test_chrome_90 -->
