<?xml version="1.0" encoding="UTF-8"?>
<testng-results ignored="0" total="4" passed="4" failed="0" skipped="0">
  <reporter-output>
  </reporter-output>
  <suite started-at="2021-12-03T12:08:34Z" name="Demo Cart App Test automtion regression suite" finished-at="2021-12-03T12:08:44Z" duration-ms="9429">
    <groups>
    </groups>
    <test started-at="2021-12-03T12:08:34Z" name="Login page Test_chrome_90" finished-at="2021-12-03T12:08:44Z" duration-ms="9429">
      <class name="com.qa.OpenCart.Tests.LoginPageTest">
        <test-method is-config="true" signature="setUp()[pri:0, instance:com.qa.OpenCart.Tests.LoginPageTest@4d1c00d0]" started-at="2021-12-03T12:08:34Z" name="setUp" finished-at="2021-12-03T12:08:38Z" duration-ms="3722" status="PASS">
          <reporter-output>
          </reporter-output>
        </test-method> <!-- setUp -->
        <test-method signature="loginPageTitleTest()[pri:1, instance:com.qa.OpenCart.Tests.LoginPageTest@4d1c00d0]" started-at="2021-12-03T12:08:38Z" name="loginPageTitleTest" finished-at="2021-12-03T12:08:43Z" duration-ms="5044" status="PASS">
          <reporter-output>
          </reporter-output>
        </test-method> <!-- loginPageTitleTest -->
        <test-method signature="loginPageUrlTest()[pri:2, instance:com.qa.OpenCart.Tests.LoginPageTest@4d1c00d0]" started-at="2021-12-03T12:08:43Z" name="loginPageUrlTest" finished-at="2021-12-03T12:08:43Z" duration-ms="4" status="PASS">
          <reporter-output>
          </reporter-output>
        </test-method> <!-- loginPageUrlTest -->
        <test-method signature="forgotPwdLinkTest()[pri:3, instance:com.qa.OpenCart.Tests.LoginPageTest@4d1c00d0]" started-at="2021-12-03T12:08:43Z" name="forgotPwdLinkTest" finished-at="2021-12-03T12:08:43Z" duration-ms="33" status="PASS">
          <reporter-output>
          </reporter-output>
        </test-method> <!-- forgotPwdLinkTest -->
        <test-method signature="loginTest()[pri:4, instance:com.qa.OpenCart.Tests.LoginPageTest@4d1c00d0]" started-at="2021-12-03T12:08:43Z" name="loginTest" finished-at="2021-12-03T12:08:43Z" duration-ms="263" status="PASS">
          <reporter-output>
          </reporter-output>
        </test-method> <!-- loginTest -->
        <test-method is-config="true" signature="tearDown()[pri:0, instance:com.qa.OpenCart.Tests.LoginPageTest@4d1c00d0]" started-at="2021-12-03T12:08:43Z" name="tearDown" finished-at="2021-12-03T12:08:44Z" duration-ms="288" status="PASS">
          <reporter-output>
          </reporter-output>
        </test-method> <!-- tearDown -->
      </class> <!-- com.qa.OpenCart.Tests.LoginPageTest -->
    </test> <!-- Login page Test_chrome_90 -->
  </suite> <!-- Demo Cart App Test automtion regression suite -->
</testng-results>
