<?xml version="1.0" encoding="UTF-8"?>
<testsuite xmlns:xsi="http://www.w3.org/2001/XMLSchema-instance" xsi:noNamespaceSchemaLocation="https://maven.apache.org/surefire/maven-surefire-plugin/xsd/surefire-test-report.xsd" name="TestSuite" time="9.807" tests="4" errors="0" skipped="0" failures="0">
  <properties>
[...]
</properties>
  <testcase name="loginPageTitleTest" classname="com.qa.OpenCart.Tests.LoginPageTest" time="5.044"/>
  <testcase name="loginPageUrlTest" classname="com.qa.OpenCart.Tests.LoginPageTest" time="0.004"/>
  <testcase name="forgotPwdLinkTest" classname="com.qa.OpenCart.Tests.LoginPageTest" time="0.033"/>
  <testcase name="loginTest" classname="com.qa.OpenCart.Tests.LoginPageTest" time="0.263"/>
</testsuite>